18:58:21.222 [main] INFO  resources.base - User has provided credentials to the login screen of the management portal
18:58:26.398 [main] INFO  resources.base - Customer tab is present on the home page
18:58:26.462 [main] INFO  resources.base - Catalog tab is present on the home page
18:58:26.522 [main] INFO  resources.base - Fulfillment tab is present on the home page
18:58:26.565 [main] INFO  resources.base - Reports tab is present on the home page
18:58:26.619 [main] INFO  resources.base - Users tab is present on the home page
18:58:26.892 [main] INFO  resources.base - User clicking on Account Menu on the Home Page
18:58:26.945 [main] INFO  resources.base - Logout appear while hovering on the account menu
18:59:19.145 [main] INFO  resources.base - User clicks on the User tab on the home page
18:59:19.164 [main] INFO  resources.base - The title of the home page is captured
18:59:19.164 [main] INFO  resources.base - The title of the Users page is Verified Successfully
19:19:47.443 [main] INFO  resources.base - The title of the home page is captured
19:19:47.443 [main] INFO  resources.base - The title of the Shop page is Verified Successfully
19:19:50.895 [main] INFO  resources.base - From the Home Page User has Clicked on MarkITPlace tab
19:19:50.895 [main] INFO  resources.base - User has routed to the Shop Page after clicking on MarketPlace link
19:19:51.017 [main] ERROR resources.base - Discover link is found on home page
19:19:51.042 [main] ERROR resources.base - Consulting link is found on home page
19:20:00.922 [main] INFO  resources.base - User has Clicked on the Manage tab from the Home Dashboard
19:20:00.922 [main] INFO  resources.base - user has routed to the Manage Page after clicking on the manage Tab
19:20:00.922 [main] INFO  resources.base - User has Successfully nevigated to the manage Page
19:20:00.940 [main] INFO  resources.base - Billing link is present on the Manage Page
19:20:01.001 [main] INFO  resources.base - Calendar link is present on the Manage Page
19:20:01.026 [main] INFO  resources.base - Subscription link is present on the Manage Page
19:20:01.053 [main] INFO  resources.base - Usage link is present on the Manage Page
19:20:05.267 [main] INFO  resources.base - User has clicked on the Insight tab from the Home Page
19:20:05.272 [main] INFO  resources.base - After clicking on the Insight Tab from the Home page , User have successfully nevigate to the Insight Page
19:20:43.752 [main] INFO  resources.base - User has clicked on the notification link from the Home Page
19:20:43.752 [main] INFO  resources.base - User has routed to the Notification page after clicking on the notification link
19:20:43.752 [main] INFO  resources.base - Notification heading is present on the Notifications page
19:20:43.788 [main] INFO  resources.base - All Notification tab is present on the Notifications page
19:20:43.810 [main] INFO  resources.base - Flagged tab is present on the Notifications page
19:20:47.080 [main] INFO  resources.base - User has clicked on the Logo from the Notification Page
19:20:47.080 [main] INFO  resources.base - After clicking on logo, user has roue to the Homepage
19:20:49.243 [main] INFO  resources.base - User has clicked on the Account menu from the Shop Page
19:21:03.216 [main] INFO  resources.base - User has clicked on the My Profile Page from the Account Menu
19:21:03.329 [main] INFO  resources.base - My Profile heading is present on My Profile Page
19:21:17.857 [main] INFO  resources.base - User has clicked on the Edit Profile button on My Profile Page
19:21:17.928 [main] INFO  resources.base - Edit profile heading is present on the Edit profile page
19:21:20.122 [main] INFO  resources.base - User has clicked on the Account menu from the Shop Page
19:21:35.434 [main] INFO  resources.base - User has clicked on the Change Password Link from the Account Menu
19:21:35.537 [main] INFO  resources.base - Change password heading is present on Change Password Page
19:21:47.355 [main] INFO  resources.base - User has clicked on the Catalog Restrictions link from the left navigation menu
19:21:47.435 [main] INFO  resources.base - Catalog Restrictions heading is present on Catalog Page
19:22:01.636 [main] INFO  resources.base - User has clicked on the Domain link from the left navigation menu
19:22:01.692 [main] INFO  resources.base - Manage Domains heading is present on Domain Page
19:22:03.857 [main] INFO  resources.base - User has clicked on the Account menu from the Shop Page
19:22:23.110 [main] INFO  resources.base - User has clicked on the Address of Use Link from the Account Menu
19:22:28.176 [main] INFO  resources.base - Address of Use heading is present on the Address Page
19:22:30.477 [main] INFO  resources.base - User has clicked on the Account menu from the Shop Page
19:22:30.557 [main] ERROR resources.base - User not able to click on the users link from the Account Menu
19:22:30.557 [main] ERROR resources.base - Element <a href="http://ccpqa-customerportal.arpatech.com/user-management"> could not be scrolled into view
Build info: version: '3.11.0', revision: 'e59cfb3', time: '2018-03-11T20:26:55.152Z'
System info: host: 'DESKTOP-B75F35K', ip: '192.168.14.216', os.name: 'Windows 10', os.arch: 'amd64', os.version: '10.0', java.version: '1.8.0_171'
Driver info: org.openqa.selenium.firefox.FirefoxDriver
Capabilities {acceptInsecureCerts: true, browserName: firefox, browserVersion: 61.0.1, javascriptEnabled: true, moz:accessibilityChecks: false, moz:headless: false, moz:processID: 1072, moz:profile: C:\Users\bilaw\AppData\Loca..., moz:useNonSpecCompliantPointerOrigin: false, moz:webdriverClick: true, pageLoadStrategy: normal, platform: XP, platformName: XP, platformVersion: 10.0, rotatable: false, timeouts: {implicit: 0, pageLoad: 300000, script: 30000}}
Session ID: 7a133bfc-ad6e-4c96-8a1e-12c1d2496200
19:22:50.620 [main] ERROR resources.base - User not able to click on request tab on the users page
19:22:50.620 [main] ERROR resources.base - Unable to locate element: //a[text()='Requests ']
For documentation on this error, please visit: http://seleniumhq.org/exceptions/no_such_element.html
Build info: version: '3.11.0', revision: 'e59cfb3', time: '2018-03-11T20:26:55.152Z'
System info: host: 'DESKTOP-B75F35K', ip: '192.168.14.216', os.name: 'Windows 10', os.arch: 'amd64', os.version: '10.0', java.version: '1.8.0_171'
Driver info: org.openqa.selenium.firefox.FirefoxDriver
Capabilities {acceptInsecureCerts: true, browserName: firefox, browserVersion: 61.0.1, javascriptEnabled: true, moz:accessibilityChecks: false, moz:headless: false, moz:processID: 1072, moz:profile: C:\Users\bilaw\AppData\Loca..., moz:useNonSpecCompliantPointerOrigin: false, moz:webdriverClick: true, pageLoadStrategy: normal, platform: XP, platformName: XP, platformVersion: 10.0, rotatable: false, timeouts: {implicit: 0, pageLoad: 300000, script: 30000}}
Session ID: 7a133bfc-ad6e-4c96-8a1e-12c1d2496200
*** Element info: {Using=xpath, value=//a[text()='Requests ']}
19:23:10.658 [main] ERROR resources.base - User not able to click on Invites tab on the users page
19:23:10.658 [main] ERROR resources.base - Unable to locate element: //a[text()='Invites ']
For documentation on this error, please visit: http://seleniumhq.org/exceptions/no_such_element.html
Build info: version: '3.11.0', revision: 'e59cfb3', time: '2018-03-11T20:26:55.152Z'
System info: host: 'DESKTOP-B75F35K', ip: '192.168.14.216', os.name: 'Windows 10', os.arch: 'amd64', os.version: '10.0', java.version: '1.8.0_171'
Driver info: org.openqa.selenium.firefox.FirefoxDriver
Capabilities {acceptInsecureCerts: true, browserName: firefox, browserVersion: 61.0.1, javascriptEnabled: true, moz:accessibilityChecks: false, moz:headless: false, moz:processID: 1072, moz:profile: C:\Users\bilaw\AppData\Loca..., moz:useNonSpecCompliantPointerOrigin: false, moz:webdriverClick: true, pageLoadStrategy: normal, platform: XP, platformName: XP, platformVersion: 10.0, rotatable: false, timeouts: {implicit: 0, pageLoad: 300000, script: 30000}}
Session ID: 7a133bfc-ad6e-4c96-8a1e-12c1d2496200
*** Element info: {Using=xpath, value=//a[text()='Invites ']}
19:23:12.931 [main] INFO  resources.base - User has clicked on the Account menu from the Shop Page
19:23:13.001 [main] ERROR resources.base - User not able to click on the Logout Page from the Account Menu
19:23:13.001 [main] ERROR resources.base - Element <a href="http://ccpqa-customerportal.arpatech.com/auth/logout"> could not be scrolled into view
Build info: version: '3.11.0', revision: 'e59cfb3', time: '2018-03-11T20:26:55.152Z'
System info: host: 'DESKTOP-B75F35K', ip: '192.168.14.216', os.name: 'Windows 10', os.arch: 'amd64', os.version: '10.0', java.version: '1.8.0_171'
Driver info: org.openqa.selenium.firefox.FirefoxDriver
Capabilities {acceptInsecureCerts: true, browserName: firefox, browserVersion: 61.0.1, javascriptEnabled: true, moz:accessibilityChecks: false, moz:headless: false, moz:processID: 1072, moz:profile: C:\Users\bilaw\AppData\Loca..., moz:useNonSpecCompliantPointerOrigin: false, moz:webdriverClick: true, pageLoadStrategy: normal, platform: XP, platformName: XP, platformVersion: 10.0, rotatable: false, timeouts: {implicit: 0, pageLoad: 300000, script: 30000}}
Session ID: 7a133bfc-ad6e-4c96-8a1e-12c1d2496200
19:23:33.048 [main] ERROR resources.base - User not able to find the Forget Password Link on the Login Page
19:23:33.048 [main] ERROR resources.base - Unable to locate element: //a[@id='forgetUrl']
For documentation on this error, please visit: http://seleniumhq.org/exceptions/no_such_element.html
Build info: version: '3.11.0', revision: 'e59cfb3', time: '2018-03-11T20:26:55.152Z'
System info: host: 'DESKTOP-B75F35K', ip: '192.168.14.216', os.name: 'Windows 10', os.arch: 'amd64', os.version: '10.0', java.version: '1.8.0_171'
Driver info: org.openqa.selenium.firefox.FirefoxDriver
Capabilities {acceptInsecureCerts: true, browserName: firefox, browserVersion: 61.0.1, javascriptEnabled: true, moz:accessibilityChecks: false, moz:headless: false, moz:processID: 1072, moz:profile: C:\Users\bilaw\AppData\Loca..., moz:useNonSpecCompliantPointerOrigin: false, moz:webdriverClick: true, pageLoadStrategy: normal, platform: XP, platformName: XP, platformVersion: 10.0, rotatable: false, timeouts: {implicit: 0, pageLoad: 300000, script: 30000}}
Session ID: 7a133bfc-ad6e-4c96-8a1e-12c1d2496200
*** Element info: {Using=xpath, value=//a[@id='forgetUrl']}
19:23:58.258 [main] ERROR resources.base - User not able to find Create Account Link on the Login Page , hence not able to click it
19:23:58.258 [main] ERROR resources.base - Unable to locate element: //a[text()='Create Account']
For documentation on this error, please visit: http://seleniumhq.org/exceptions/no_such_element.html
Build info: version: '3.11.0', revision: 'e59cfb3', time: '2018-03-11T20:26:55.152Z'
System info: host: 'DESKTOP-B75F35K', ip: '192.168.14.216', os.name: 'Windows 10', os.arch: 'amd64', os.version: '10.0', java.version: '1.8.0_171'
Driver info: org.openqa.selenium.firefox.FirefoxDriver
Capabilities {acceptInsecureCerts: true, browserName: firefox, browserVersion: 61.0.1, javascriptEnabled: true, moz:accessibilityChecks: false, moz:headless: false, moz:processID: 1072, moz:profile: C:\Users\bilaw\AppData\Loca..., moz:useNonSpecCompliantPointerOrigin: false, moz:webdriverClick: true, pageLoadStrategy: normal, platform: XP, platformName: XP, platformVersion: 10.0, rotatable: false, timeouts: {implicit: 0, pageLoad: 300000, script: 30000}}
Session ID: 7a133bfc-ad6e-4c96-8a1e-12c1d2496200
*** Element info: {Using=xpath, value=//a[text()='Create Account']}
19:24:55.824 [main] INFO  resources.base - User has provided credentials to the login screen of the management portal
19:25:00.914 [main] INFO  resources.base - Customer tab is present on the home page
19:25:00.999 [main] INFO  resources.base - Catalog tab is present on the home page
19:25:01.072 [main] INFO  resources.base - Fulfillment tab is present on the home page
19:25:01.117 [main] INFO  resources.base - Reports tab is present on the home page
19:25:01.185 [main] INFO  resources.base - Users tab is present on the home page
19:25:01.478 [main] INFO  resources.base - User clicking on Account Menu on the Home Page
19:25:01.558 [main] INFO  resources.base - Logout appear while hovering on the account menu
19:25:58.417 [main] INFO  resources.base - User clicks on the User tab on the home page
19:25:58.417 [main] INFO  resources.base - The title of the home page is captured
19:25:58.417 [main] INFO  resources.base - The title of the Users page is Verified Successfully
19:38:13.154 [main] INFO  resources.base - The title of the home page is captured
19:38:13.154 [main] INFO  resources.base - The title of the Shop page is Verified Successfully
19:38:17.511 [main] INFO  resources.base - From the Home Page User has Clicked on MarkITPlace tab
19:38:17.511 [main] INFO  resources.base - User has routed to the Shop Page after clicking on MarketPlace link
19:38:17.629 [main] ERROR resources.base - Discover link is found on home page
19:38:17.655 [main] ERROR resources.base - Consulting link is found on home page
19:38:28.467 [main] INFO  resources.base - User has Clicked on the Manage tab from the Home Dashboard
19:38:28.467 [main] INFO  resources.base - user has routed to the Manage Page after clicking on the manage Tab
19:38:28.467 [main] INFO  resources.base - User has Successfully nevigated to the manage Page
19:38:28.489 [main] INFO  resources.base - Billing link is present on the Manage Page
19:38:28.507 [main] INFO  resources.base - Calendar link is present on the Manage Page
19:38:28.542 [main] INFO  resources.base - Subscription link is present on the Manage Page
19:38:28.569 [main] INFO  resources.base - Usage link is present on the Manage Page
19:38:34.574 [main] INFO  resources.base - User has clicked on the Insight tab from the Home Page
19:38:34.574 [main] INFO  resources.base - After clicking on the Insight Tab from the Home page , User have successfully nevigate to the Insight Page
19:39:46.444 [main] INFO  resources.base - User has clicked on the notification link from the Home Page
19:39:46.444 [main] INFO  resources.base - User has routed to the Notification page after clicking on the notification link
19:39:46.444 [main] INFO  resources.base - Notification heading is present on the Notifications page
19:39:46.466 [main] INFO  resources.base - All Notification tab is present on the Notifications page
19:39:46.493 [main] INFO  resources.base - Flagged tab is present on the Notifications page
19:39:50.086 [main] INFO  resources.base - User has clicked on the Logo from the Notification Page
19:39:50.086 [main] INFO  resources.base - After clicking on logo, user has roue to the Homepage
19:39:52.304 [main] INFO  resources.base - User has clicked on the Account menu from the Shop Page
19:40:16.136 [main] INFO  resources.base - User has clicked on the My Profile Page from the Account Menu
19:40:16.219 [main] INFO  resources.base - My Profile heading is present on My Profile Page
19:40:32.030 [main] INFO  resources.base - User has clicked on the Edit Profile button on My Profile Page
19:40:32.073 [main] INFO  resources.base - Edit profile heading is present on the Edit profile page
19:40:34.307 [main] INFO  resources.base - User has clicked on the Account menu from the Shop Page
19:40:49.805 [main] INFO  resources.base - User has clicked on the Change Password Link from the Account Menu
19:40:49.885 [main] INFO  resources.base - Change password heading is present on Change Password Page
19:41:02.189 [main] INFO  resources.base - User has clicked on the Catalog Restrictions link from the left navigation menu
19:41:02.278 [main] INFO  resources.base - Catalog Restrictions heading is present on Catalog Page
19:41:14.135 [main] INFO  resources.base - User has clicked on the Domain link from the left navigation menu
19:41:14.304 [main] INFO  resources.base - Manage Domains heading is present on Domain Page
19:41:16.461 [main] INFO  resources.base - User has clicked on the Account menu from the Shop Page
19:41:31.506 [main] INFO  resources.base - User has clicked on the Address of Use Link from the Account Menu
19:41:36.593 [main] INFO  resources.base - Address of Use heading is present on the Address Page
19:41:41.743 [main] INFO  resources.base - User has clicked on the Account menu from the Shop Page
19:41:57.684 [main] INFO  resources.base - User has clicked on the users Link from the Account Menu
19:42:02.791 [main] INFO  resources.base - Tabs are appearing on the Users Page
19:42:05.134 [main] INFO  resources.base - User has clicked on the request tab on the users page
19:42:05.192 [main] INFO  resources.base - After clicking on request tab, the request tab becomes active
19:42:07.524 [main] INFO  resources.base - User has clicked on the Invites tab on the users page
19:42:07.570 [main] INFO  resources.base - After clicking on Invites tab, the Invites tab becomes active
19:42:09.786 [main] INFO  resources.base - User has clicked on the Account menu from the Shop Page
19:42:12.664 [main] INFO  resources.base - User has clicked on the Logout Page from the Account Menu
19:42:13.263 [main] INFO  resources.base - User has clicked on the Forget Password Link from the Login Page
19:42:18.287 [main] INFO  resources.base - Email textbox is present on the Forget password page
19:42:22.111 [main] INFO  resources.base - User has clicked on the submit button on the forget password Page
19:42:22.140 [main] INFO  resources.base - Once the User click on Submit button then the validation message is appearing
19:42:33.507 [main] INFO  resources.base - User Clicked on Create Account Link from the Login Page
19:42:33.507 [main] INFO  resources.base - Signup Page is opended and its title is being captured
19:42:33.531 [main] INFO  resources.base - Email Text Box is present on the Signup Page
19:42:33.845 [main] INFO  resources.base - Verify button is present on the Signup Page and user has clicked on it
19:42:33.877 [main] INFO  resources.base - Once the User pressed the Verify button , Validation message is appearing on the Signup Page
19:43:11.425 [main] INFO  resources.base - User has provided credentials to the login screen of the management portal
19:43:16.523 [main] INFO  resources.base - Customer tab is present on the home page
19:43:16.566 [main] INFO  resources.base - Catalog tab is present on the home page
19:43:16.608 [main] INFO  resources.base - Fulfillment tab is present on the home page
19:43:16.673 [main] INFO  resources.base - Reports tab is present on the home page
19:43:16.720 [main] INFO  resources.base - Users tab is present on the home page
19:43:17.020 [main] INFO  resources.base - User clicking on Account Menu on the Home Page
19:43:17.063 [main] INFO  resources.base - Logout appear while hovering on the account menu
19:43:40.760 [main] INFO  resources.base - User clicks on the User tab on the home page
19:43:40.760 [main] INFO  resources.base - The title of the home page is captured
19:43:40.760 [main] INFO  resources.base - The title of the Users page is Verified Successfully
